{"numFailedTestSuites":0,"numFailedTests":0,"numPassedTestSuites":6,"numPassedTests":22,"numPendingTestSuites":0,"numPendingTests":0,"numRuntimeErrorTestSuites":0,"numTodoTests":0,"numTotalTestSuites":6,"numTotalTests":22,"openHandles":[],"snapshot":{"added":0,"didUpdate":false,"failure":false,"filesAdded":0,"filesRemoved":0,"filesRemovedList":[],"filesUnmatched":0,"filesUpdated":0,"matched":0,"total":0,"unchecked":0,"uncheckedKeysByFile":[],"unmatched":0,"updated":0},"startTime":1599721780050,"success":true,"testResults":[{"assertionResults":[{"ancestorTitles":["test button commponet"],"failureMessages":[],"fullName":"test button commponet should render the correct default button","location":null,"status":"passed","title":"should render the correct default button"},{"ancestorTitles":["test button commponet"],"failureMessages":[],"fullName":"test button commponet should render the component based on different props","location":null,"status":"passed","title":"should render the component based on different props"},{"ancestorTitles":["test button commponet"],"failureMessages":[],"fullName":"test button commponet should render the a link when btnType equals link and href is provided","location":null,"status":"passed","title":"should render the a link when btnType equals link and href is provided"},{"ancestorTitles":["test button commponet"],"failureMessages":[],"fullName":"test button commponet should render disabled button when disabled set to true","location":null,"status":"passed","title":"should render disabled button when disabled set to true"}],"endTime":1599721782696,"message":"","name":"/Users/hailiting/Desktop/blog_dev/dome/viking_ship/src/components/Button/button.test.tsx","startTime":1599721781204,"status":"passed","summary":""},{"assertionResults":[{"ancestorTitles":["test Input component"],"failureMessages":[],"fullName":"test Input component should render the correct default Input","location":null,"status":"passed","title":"should render the correct default Input"},{"ancestorTitles":["test Input component"],"failureMessages":[],"fullName":"test Input component should render the disabled Input on disabled property","location":null,"status":"passed","title":"should render the disabled Input on disabled property"},{"ancestorTitles":["test Input component"],"failureMessages":[],"fullName":"test Input component should render different input sizes on size property","location":null,"status":"passed","title":"should render different input sizes on size property"},{"ancestorTitles":["test Input component"],"failureMessages":[],"fullName":"test Input component should render prepand and append element on prepand/append property","location":null,"status":"passed","title":"should render prepand and append element on prepand/append property"}],"endTime":1599721782766,"message":"","name":"/Users/hailiting/Desktop/blog_dev/dome/viking_ship/src/components/Input/input.test.tsx","startTime":1599721781217,"status":"passed","summary":""},{"assertionResults":[{"ancestorTitles":["test Progress"],"failureMessages":[],"fullName":"test Progress test basic props","location":null,"status":"passed","title":"test basic props"}],"endTime":1599721783173,"message":"","name":"/Users/hailiting/Desktop/blog_dev/dome/viking_ship/src/components/Progress/progress.test.tsx","startTime":1599721781236,"status":"passed","summary":""},{"assertionResults":[{"ancestorTitles":["测试upload组件"],"failureMessages":[],"fullName":"测试upload组件 基础测试","location":null,"status":"passed","title":"基础测试"},{"ancestorTitles":["测试upload组件"],"failureMessages":[],"fullName":"测试upload组件 drag 文件测试","location":null,"status":"passed","title":"drag 文件测试"}],"endTime":1599721783292,"message":"","name":"/Users/hailiting/Desktop/blog_dev/dome/viking_ship/src/components/Upload/upload.test.tsx","startTime":1599721781158,"status":"passed","summary":""},{"assertionResults":[{"ancestorTitles":["测试Menu组件"],"failureMessages":[],"fullName":"测试Menu组件 Menu 和 MenuItem 默认选项测试","location":null,"status":"passed","title":"Menu 和 MenuItem 默认选项测试"},{"ancestorTitles":["测试Menu组件"],"failureMessages":[],"fullName":"测试Menu组件 Menu 和 MenuItem 必须要插入正确的props","location":null,"status":"passed","title":"Menu 和 MenuItem 必须要插入正确的props"},{"ancestorTitles":["测试Menu组件"],"failureMessages":[],"fullName":"测试Menu组件 MenuItem mouse事件，是否正确运行及回调","location":null,"status":"passed","title":"MenuItem mouse事件，是否正确运行及回调"},{"ancestorTitles":["测试 vertical类型的 Menu 和MenuItem"],"failureMessages":[],"fullName":"测试 vertical类型的 Menu 和MenuItem 当mode是vertical时","location":null,"status":"passed","title":"当mode是vertical时"},{"ancestorTitles":["测试 vertical类型的 Menu 和MenuItem"],"failureMessages":[],"fullName":"测试 vertical类型的 Menu 和MenuItem 点击submennu时","location":null,"status":"passed","title":"点击submennu时"},{"ancestorTitles":["测试 vertical类型的 Menu 和MenuItem"],"failureMessages":[],"fullName":"测试 vertical类型的 Menu 和MenuItem should show subMenu dropdown when defaultOpenSubMenus contains SubMenu index","location":null,"status":"passed","title":"should show subMenu dropdown when defaultOpenSubMenus contains SubMenu index"}],"endTime":1599721783553,"message":"","name":"/Users/hailiting/Desktop/blog_dev/dome/viking_ship/src/components/Menu/menu.test.tsx","startTime":1599721781203,"status":"passed","summary":""},{"assertionResults":[{"ancestorTitles":["test AutoComplete component"],"failureMessages":[],"fullName":"test AutoComplete component test basic AutoComplete behavior","location":null,"status":"passed","title":"test basic AutoComplete behavior"},{"ancestorTitles":["test AutoComplete component"],"failureMessages":[],"fullName":"test AutoComplete component should provide keyboard support","location":null,"status":"passed","title":"should provide keyboard support"},{"ancestorTitles":["test AutoComplete component"],"failureMessages":[],"fullName":"test AutoComplete component click outside should hide the dropdown","location":null,"status":"passed","title":"click outside should hide the dropdown"},{"ancestorTitles":["test AutoComplete component"],"failureMessages":[],"fullName":"test AutoComplete component renderOption should generate the right template","location":null,"status":"passed","title":"renderOption should generate the right template"},{"ancestorTitles":["test AutoComplete component"],"failureMessages":[],"fullName":"test AutoComplete component async fetchSuggestions should works fine","location":null,"status":"passed","title":"async fetchSuggestions should works fine"}],"endTime":1599721783753,"message":"","name":"/Users/hailiting/Desktop/blog_dev/dome/viking_ship/src/components/AutoComplete/autoComplete.test.tsx","startTime":1599721781154,"status":"passed","summary":""}],"wasInterrupted":false}